2022-11-07 09:51:01.839  WARN 24060 --- [http-nio-8080-exec-4] c.e.C.Security.JWT.AuthTokenFilter       : doFilterInternal 1
2022-11-07 09:51:01.860  WARN 24060 --- [http-nio-8080-exec-4] c.e.C.Security.JWT.AuthTokenFilter       : doFilterInternal 2
2022-11-07 09:51:01.860  WARN 24060 --- [http-nio-8080-exec-4] c.e.C.Security.JWT.AuthTokenFilter       : doFilterInternal 3
2022-11-07 09:51:01.860  WARN 24060 --- [http-nio-8080-exec-4] c.e.C.Security.JWT.AuthTokenFilter       : AuthTokenFilter  6
2022-11-07 09:51:02.042  WARN 24060 --- [http-nio-8080-exec-4] c.e.C.Security.JWT.AuthTokenFilter       : AuthTokenFilter  7
2022-11-07 10:28:24.988  WARN 24060 --- [http-nio-8080-exec-6] c.e.C.Security.JWT.AuthTokenFilter       : doFilterInternal 1
2022-11-07 10:28:25.004  WARN 24060 --- [http-nio-8080-exec-6] c.e.C.Security.JWT.AuthTokenFilter       : doFilterInternal 2
2022-11-07 10:28:25.004  WARN 24060 --- [http-nio-8080-exec-6] c.e.C.Security.JWT.AuthTokenFilter       : doFilterInternal 3
2022-11-07 10:28:25.004  WARN 24060 --- [http-nio-8080-exec-6] c.e.C.Security.JWT.AuthTokenFilter       : AuthTokenFilter  6
2022-11-07 10:28:25.191  WARN 24060 --- [http-nio-8080-exec-6] c.e.C.Security.JWT.AuthTokenFilter       : AuthTokenFilter  7
2022-11-07 10:29:24.565  WARN 24060 --- [http-nio-8080-exec-9] c.e.C.Security.JWT.AuthTokenFilter       : doFilterInternal 1
2022-11-07 10:29:24.565  WARN 24060 --- [http-nio-8080-exec-9] c.e.C.Security.JWT.AuthTokenFilter       : doFilterInternal 2
2022-11-07 10:29:24.566  WARN 24060 --- [http-nio-8080-exec-9] c.e.C.Security.JWT.AuthTokenFilter       : doFilterInternal 3
2022-11-07 10:29:24.566  WARN 24060 --- [http-nio-8080-exec-9] c.e.C.Security.JWT.AuthTokenFilter       : AuthTokenFilter  6
2022-11-07 10:29:24.868  WARN 24060 --- [http-nio-8080-exec-9] c.e.C.S.Service.UserDetailsServiceImp    : loadUserByUsername called
2022-11-07 10:29:24.962  WARN 24060 --- [http-nio-8080-exec-9] c.e.C.S.Service.UserDetailsServiceImp    : loadUserByUsername called 2
2022-11-07 10:29:24.962  WARN 24060 --- [http-nio-8080-exec-9] c.e.C.S.Service.UserDetailsServiceImp    : loadUserByUsername called 4
2022-11-07 10:29:25.195  WARN 24060 --- [http-nio-8080-exec-9] c.e.CarRental.Security.JWT.JwtUtils      : generateJwtToken ok
2022-11-07 10:29:25.216  WARN 24060 --- [http-nio-8080-exec-9] c.e.C.Security.JWT.AuthTokenFilter       : AuthTokenFilter  7
2022-11-07 10:29:29.702  WARN 24060 --- [http-nio-8080-exec-3] c.e.C.Security.JWT.AuthTokenFilter       : doFilterInternal 1
2022-11-07 10:29:29.703  WARN 24060 --- [http-nio-8080-exec-3] c.e.C.Security.JWT.AuthTokenFilter       : doFilterInternal 2
2022-11-07 10:29:29.703  WARN 24060 --- [http-nio-8080-exec-3] c.e.C.Security.JWT.AuthTokenFilter       : doFilterInternal 3
2022-11-07 10:29:29.704  WARN 24060 --- [http-nio-8080-exec-3] c.e.C.Security.JWT.AuthTokenFilter       : doFilterInternal 4
2022-11-07 10:29:29.706  WARN 24060 --- [http-nio-8080-exec-5] c.e.C.Security.JWT.AuthTokenFilter       : doFilterInternal 1
2022-11-07 10:29:29.706  WARN 24060 --- [http-nio-8080-exec-5] c.e.C.Security.JWT.AuthTokenFilter       : doFilterInternal 2
2022-11-07 10:29:29.706  WARN 24060 --- [http-nio-8080-exec-5] c.e.C.Security.JWT.AuthTokenFilter       : doFilterInternal 3
2022-11-07 10:29:29.706  WARN 24060 --- [http-nio-8080-exec-5] c.e.C.Security.JWT.AuthTokenFilter       : doFilterInternal 4
2022-11-07 10:29:29.735  WARN 24060 --- [http-nio-8080-exec-3] c.e.CarRental.Security.JWT.JwtUtils      : getUsernameFromJwtToken ok
2022-11-07 10:29:29.735  WARN 24060 --- [http-nio-8080-exec-5] c.e.CarRental.Security.JWT.JwtUtils      : getUsernameFromJwtToken ok
2022-11-07 10:29:29.735  WARN 24060 --- [http-nio-8080-exec-5] c.e.C.Security.JWT.AuthTokenFilter       : AuthTokenFilter  1
2022-11-07 10:29:29.735  WARN 24060 --- [http-nio-8080-exec-3] c.e.C.Security.JWT.AuthTokenFilter       : AuthTokenFilter  1
2022-11-07 10:29:29.737  WARN 24060 --- [http-nio-8080-exec-3] c.e.C.S.Service.UserDetailsServiceImp    : loadUserByUsername called
2022-11-07 10:29:29.742  WARN 24060 --- [http-nio-8080-exec-3] c.e.C.S.Service.UserDetailsServiceImp    : loadUserByUsername called 2
2022-11-07 10:29:29.743  WARN 24060 --- [http-nio-8080-exec-3] c.e.C.S.Service.UserDetailsServiceImp    : loadUserByUsername called 4
2022-11-07 10:29:29.744  WARN 24060 --- [http-nio-8080-exec-3] c.e.C.Security.JWT.AuthTokenFilter       : AuthTokenFilter  2
2022-11-07 10:29:29.744  WARN 24060 --- [http-nio-8080-exec-5] c.e.C.S.Service.UserDetailsServiceImp    : loadUserByUsername called
2022-11-07 10:29:29.744  WARN 24060 --- [http-nio-8080-exec-3] c.e.C.Security.JWT.AuthTokenFilter       : AuthTokenFilter  3
2022-11-07 10:29:29.745  WARN 24060 --- [http-nio-8080-exec-3] c.e.C.Security.JWT.AuthTokenFilter       : AuthTokenFilter  4
2022-11-07 10:29:29.745  WARN 24060 --- [http-nio-8080-exec-3] c.e.C.Security.JWT.AuthTokenFilter       : AuthTokenFilter  5
2022-11-07 10:29:29.745  WARN 24060 --- [http-nio-8080-exec-3] c.e.C.Security.JWT.AuthTokenFilter       : AuthTokenFilter  6
2022-11-07 10:29:29.752  WARN 24060 --- [http-nio-8080-exec-5] c.e.C.S.Service.UserDetailsServiceImp    : loadUserByUsername called 2
2022-11-07 10:29:29.752  WARN 24060 --- [http-nio-8080-exec-5] c.e.C.S.Service.UserDetailsServiceImp    : loadUserByUsername called 4
2022-11-07 10:29:29.754  WARN 24060 --- [http-nio-8080-exec-5] c.e.C.Security.JWT.AuthTokenFilter       : AuthTokenFilter  2
2022-11-07 10:29:29.755  WARN 24060 --- [http-nio-8080-exec-5] c.e.C.Security.JWT.AuthTokenFilter       : AuthTokenFilter  3
2022-11-07 10:29:29.755  WARN 24060 --- [http-nio-8080-exec-5] c.e.C.Security.JWT.AuthTokenFilter       : AuthTokenFilter  4
2022-11-07 10:29:29.755  WARN 24060 --- [http-nio-8080-exec-5] c.e.C.Security.JWT.AuthTokenFilter       : AuthTokenFilter  5
2022-11-07 10:29:29.755  WARN 24060 --- [http-nio-8080-exec-5] c.e.C.Security.JWT.AuthTokenFilter       : AuthTokenFilter  6
2022-11-07 10:29:29.784  WARN 24060 --- [http-nio-8080-exec-3] c.e.C.Security.JWT.AuthTokenFilter       : AuthTokenFilter  7
2022-11-07 10:29:29.787  WARN 24060 --- [http-nio-8080-exec-6] c.e.C.Security.JWT.AuthTokenFilter       : doFilterInternal 1
2022-11-07 10:29:29.787  WARN 24060 --- [http-nio-8080-exec-6] c.e.C.Security.JWT.AuthTokenFilter       : doFilterInternal 2
2022-11-07 10:29:29.787  WARN 24060 --- [http-nio-8080-exec-6] c.e.C.Security.JWT.AuthTokenFilter       : doFilterInternal 3
2022-11-07 10:29:29.787  WARN 24060 --- [http-nio-8080-exec-6] c.e.C.Security.JWT.AuthTokenFilter       : doFilterInternal 4
2022-11-07 10:29:29.789  WARN 24060 --- [http-nio-8080-exec-6] c.e.CarRental.Security.JWT.JwtUtils      : getUsernameFromJwtToken ok
2022-11-07 10:29:29.789  WARN 24060 --- [http-nio-8080-exec-6] c.e.C.Security.JWT.AuthTokenFilter       : AuthTokenFilter  1
2022-11-07 10:29:29.790  WARN 24060 --- [http-nio-8080-exec-6] c.e.C.S.Service.UserDetailsServiceImp    : loadUserByUsername called
2022-11-07 10:29:29.795  WARN 24060 --- [http-nio-8080-exec-5] c.e.C.Security.JWT.AuthTokenFilter       : AuthTokenFilter  7
2022-11-07 10:29:29.797  WARN 24060 --- [http-nio-8080-exec-7] c.e.C.Security.JWT.AuthTokenFilter       : doFilterInternal 1
2022-11-07 10:29:29.797  WARN 24060 --- [http-nio-8080-exec-7] c.e.C.Security.JWT.AuthTokenFilter       : doFilterInternal 2
2022-11-07 10:29:29.797  WARN 24060 --- [http-nio-8080-exec-7] c.e.C.Security.JWT.AuthTokenFilter       : doFilterInternal 3
2022-11-07 10:29:29.797  WARN 24060 --- [http-nio-8080-exec-7] c.e.C.Security.JWT.AuthTokenFilter       : doFilterInternal 4
2022-11-07 10:29:29.797  WARN 24060 --- [http-nio-8080-exec-6] c.e.C.S.Service.UserDetailsServiceImp    : loadUserByUsername called 2
2022-11-07 10:29:29.797  WARN 24060 --- [http-nio-8080-exec-6] c.e.C.S.Service.UserDetailsServiceImp    : loadUserByUsername called 4
2022-11-07 10:29:29.798  WARN 24060 --- [http-nio-8080-exec-6] c.e.C.Security.JWT.AuthTokenFilter       : AuthTokenFilter  2
2022-11-07 10:29:29.798  WARN 24060 --- [http-nio-8080-exec-6] c.e.C.Security.JWT.AuthTokenFilter       : AuthTokenFilter  3
2022-11-07 10:29:29.798  WARN 24060 --- [http-nio-8080-exec-6] c.e.C.Security.JWT.AuthTokenFilter       : AuthTokenFilter  4
2022-11-07 10:29:29.798  WARN 24060 --- [http-nio-8080-exec-6] c.e.C.Security.JWT.AuthTokenFilter       : AuthTokenFilter  5
2022-11-07 10:29:29.798  WARN 24060 --- [http-nio-8080-exec-6] c.e.C.Security.JWT.AuthTokenFilter       : AuthTokenFilter  6
2022-11-07 10:29:29.799  WARN 24060 --- [http-nio-8080-exec-7] c.e.CarRental.Security.JWT.JwtUtils      : getUsernameFromJwtToken ok
2022-11-07 10:29:29.799  WARN 24060 --- [http-nio-8080-exec-7] c.e.C.Security.JWT.AuthTokenFilter       : AuthTokenFilter  1
2022-11-07 10:29:29.800  WARN 24060 --- [http-nio-8080-exec-7] c.e.C.S.Service.UserDetailsServiceImp    : loadUserByUsername called
2022-11-07 10:29:29.804  WARN 24060 --- [http-nio-8080-exec-6] c.e.C.Security.JWT.AuthTokenFilter       : AuthTokenFilter  7
2022-11-07 10:29:29.804  WARN 24060 --- [http-nio-8080-exec-7] c.e.C.S.Service.UserDetailsServiceImp    : loadUserByUsername called 2
2022-11-07 10:29:29.804  WARN 24060 --- [http-nio-8080-exec-7] c.e.C.S.Service.UserDetailsServiceImp    : loadUserByUsername called 4
2022-11-07 10:29:29.805  WARN 24060 --- [http-nio-8080-exec-7] c.e.C.Security.JWT.AuthTokenFilter       : AuthTokenFilter  2
2022-11-07 10:29:29.805  WARN 24060 --- [http-nio-8080-exec-7] c.e.C.Security.JWT.AuthTokenFilter       : AuthTokenFilter  3
2022-11-07 10:29:29.805  WARN 24060 --- [http-nio-8080-exec-7] c.e.C.Security.JWT.AuthTokenFilter       : AuthTokenFilter  4
2022-11-07 10:29:29.805  WARN 24060 --- [http-nio-8080-exec-7] c.e.C.Security.JWT.AuthTokenFilter       : AuthTokenFilter  5
2022-11-07 10:29:29.805  WARN 24060 --- [http-nio-8080-exec-7] c.e.C.Security.JWT.AuthTokenFilter       : AuthTokenFilter  6
2022-11-07 10:29:29.817  WARN 24060 --- [http-nio-8080-exec-7] c.e.C.Security.JWT.AuthTokenFilter       : AuthTokenFilter  7
2022-11-07 10:30:13.269  WARN 24060 --- [http-nio-8080-exec-10] c.e.C.Security.JWT.AuthTokenFilter       : doFilterInternal 1
2022-11-07 10:30:13.269  WARN 24060 --- [http-nio-8080-exec-10] c.e.C.Security.JWT.AuthTokenFilter       : doFilterInternal 2
2022-11-07 10:30:13.270  WARN 24060 --- [http-nio-8080-exec-10] c.e.C.Security.JWT.AuthTokenFilter       : doFilterInternal 3
2022-11-07 10:30:13.270  WARN 24060 --- [http-nio-8080-exec-10] c.e.C.Security.JWT.AuthTokenFilter       : AuthTokenFilter  6
2022-11-07 10:30:13.346  WARN 24060 --- [http-nio-8080-exec-10] c.e.C.Security.JWT.AuthTokenFilter       : AuthTokenFilter  7
2022-11-07 10:32:59.414  WARN 24060 --- [http-nio-8080-exec-4] c.e.C.Security.JWT.AuthTokenFilter       : doFilterInternal 1
2022-11-07 10:32:59.414  WARN 24060 --- [http-nio-8080-exec-4] c.e.C.Security.JWT.AuthTokenFilter       : doFilterInternal 2
2022-11-07 10:32:59.415  WARN 24060 --- [http-nio-8080-exec-4] c.e.C.Security.JWT.AuthTokenFilter       : doFilterInternal 3
2022-11-07 10:32:59.417  WARN 24060 --- [http-nio-8080-exec-4] c.e.C.Security.JWT.AuthTokenFilter       : AuthTokenFilter  6
2022-11-07 10:32:59.429  WARN 24060 --- [http-nio-8080-exec-4] c.e.C.Security.JWT.AuthTokenFilter       : AuthTokenFilter  7
2022-11-07 10:33:22.828  WARN 24060 --- [http-nio-8080-exec-3] c.e.C.Security.JWT.AuthTokenFilter       : doFilterInternal 1
2022-11-07 10:33:22.828  WARN 24060 --- [http-nio-8080-exec-3] c.e.C.Security.JWT.AuthTokenFilter       : doFilterInternal 2
2022-11-07 10:33:22.828  WARN 24060 --- [http-nio-8080-exec-3] c.e.C.Security.JWT.AuthTokenFilter       : doFilterInternal 3
2022-11-07 10:33:22.828  WARN 24060 --- [http-nio-8080-exec-3] c.e.C.Security.JWT.AuthTokenFilter       : AuthTokenFilter  6
2022-11-07 10:33:22.839  WARN 24060 --- [http-nio-8080-exec-3] c.e.C.Security.JWT.AuthTokenFilter       : AuthTokenFilter  7
2022-11-07 11:03:56.622  INFO 24060 --- [SpringApplicationShutdownHook] j.LocalContainerEntityManagerFactoryBean : Closing JPA EntityManagerFactory for persistence unit 'default'
2022-11-07 11:03:56.670  INFO 24060 --- [SpringApplicationShutdownHook] com.zaxxer.hikari.HikariDataSource       : HikariPool-1 - Shutdown initiated...
2022-11-07 11:03:56.679  INFO 24060 --- [SpringApplicationShutdownHook] com.zaxxer.hikari.HikariDataSource       : HikariPool-1 - Shutdown completed.
